[debug] [2021-02-25T11:31:20.856Z] ----------------------------------------------------------------------
[debug] [2021-02-25T11:31:20.858Z] Command:       C:\Program Files\nodejs\node.exe C:\Users\mishr\AppData\Roaming\npm\node_modules\firebase-tools\lib\bin\firebase.js login --no-localhost
[debug] [2021-02-25T11:31:20.858Z] CLI Version:   9.5.0
[debug] [2021-02-25T11:31:20.858Z] Platform:      win32
[debug] [2021-02-25T11:31:20.859Z] Node Version:  v14.15.4
[debug] [2021-02-25T11:31:20.859Z] Time:          Thu Feb 25 2021 17:01:20 GMT+0530 (India Standard Time)
[debug] [2021-02-25T11:31:20.859Z] ----------------------------------------------------------------------
[debug] [2021-02-25T11:31:20.859Z] 
[info] i  Firebase optionally collects CLI usage and error reporting information to help improve our products. Data is collected in accordance with Google's privacy policy (https://policies.google.com/privacy) and is not used to identify you.
 
[info] i  To change your data collection preference at any time, run `firebase logout` and log in again. 
[info] 
[info] Visit this URL on any device to log in:
[info] https://accounts.google.com/o/oauth2/auth?client_id=563584335869-fgrhgmd47bqnekij5i8b5pr03ho849e6.apps.googleusercontent.com&scope=email%20openid%20https%3A%2F%2Fwww.googleapis.com%2Fauth%2Fcloudplatformprojects.readonly%20https%3A%2F%2Fwww.googleapis.com%2Fauth%2Ffirebase%20https%3A%2F%2Fwww.googleapis.com%2Fauth%2Fcloud-platform&response_type=code&state=838157760&redirect_uri=urn%3Aietf%3Awg%3Aoauth%3A2.0%3Aoob
[info] 
[debug] [2021-02-25T11:31:24.924Z] Error: spawn cmd ENOENT
    at Process.ChildProcess._handle.onexit (internal/child_process.js:269:19)
    at onErrorNT (internal/child_process.js:465:16)
    at processTicksAndRejections (internal/process/task_queues.js:80:21)
[error] 
[error] Error: An unexpected error has occurred.
